android/app/build/intermediates/manifest_merge_blame_file/release/manifest-merger-blame-release-report.txt
1<?xml version="1.0" encoding="utf-8"?>
2<manifest xmlns:android="http://schemas.android.com/apk/res/android"
3    package="com.example.frame_vision_gemini"
4    android:versionCode="1"
5    android:versionName="0.1.0" >
6
7    <uses-sdk
8        android:minSdkVersion="22"
9        android:targetSdkVersion="35" />
10
11    <!--
12         Tell Google Play Store that your app uses Bluetooth LE
13        Set android:required="true" if bluetooth is necessary
14    -->
15    <uses-feature
15-->src/main/AndroidManifest.xml:5:5-91
16        android:name="android.hardware.bluetooth_le"
16-->src/main/AndroidManifest.xml:5:19-63
17        android:required="false" />
17-->src/main/AndroidManifest.xml:5:64-88
18
19    <!--
20    New Bluetooth permissions in Android 12
21    https://developer.android.com/about/versions/12/features/bluetooth-permissions
22    -->
23    <uses-permission
23-->src/main/AndroidManifest.xml:9:5-120
24        android:name="android.permission.BLUETOOTH_SCAN"
24-->src/main/AndroidManifest.xml:9:22-70
25        android:usesPermissionFlags="neverForLocation" />
25-->src/main/AndroidManifest.xml:9:71-117
26    <uses-permission android:name="android.permission.BLUETOOTH_CONNECT" />
26-->src/main/AndroidManifest.xml:10:5-76
26-->src/main/AndroidManifest.xml:10:22-73
27
28    <!-- legacy for Android 11 or lower -->
29    <uses-permission
29-->src/main/AndroidManifest.xml:13:5-95
30        android:name="android.permission.BLUETOOTH"
30-->src/main/AndroidManifest.xml:13:22-65
31        android:maxSdkVersion="30" />
31-->src/main/AndroidManifest.xml:13:66-92
32    <uses-permission
32-->src/main/AndroidManifest.xml:14:5-101
33        android:name="android.permission.BLUETOOTH_ADMIN"
33-->src/main/AndroidManifest.xml:14:22-71
34        android:maxSdkVersion="30" />
34-->src/main/AndroidManifest.xml:14:72-98
35    <uses-permission
35-->src/main/AndroidManifest.xml:15:5-105
36        android:name="android.permission.ACCESS_FINE_LOCATION"
36-->src/main/AndroidManifest.xml:15:22-76
37        android:maxSdkVersion="30" />
37-->src/main/AndroidManifest.xml:15:77-103
38
39    <!-- legacy for Android 9 or lower -->
40    <uses-permission
40-->src/main/AndroidManifest.xml:18:5-108
41        android:name="android.permission.ACCESS_COARSE_LOCATION"
41-->src/main/AndroidManifest.xml:18:22-78
42        android:maxSdkVersion="28" />
42-->src/main/AndroidManifest.xml:18:79-105
43
44    <!-- internet permission for gemini requests -->
45    <uses-permission android:name="android.permission.INTERNET" />
45-->src/main/AndroidManifest.xml:21:5-66
45-->src/main/AndroidManifest.xml:21:22-64
46    <!--
47         Required to query activities that can process text, see:
48         https://developer.android.com/training/package-visibility and
49         https://developer.android.com/reference/android/content/Intent#ACTION_PROCESS_TEXT.
50
51         In particular, this is used by the Flutter engine in io.flutter.plugin.text.ProcessTextPlugin.
52    -->
53    <queries>
53-->src/main/AndroidManifest.xml:60:5-65:15
54        <intent>
54-->src/main/AndroidManifest.xml:61:9-64:18
55            <action android:name="android.intent.action.PROCESS_TEXT" />
55-->src/main/AndroidManifest.xml:62:13-72
55-->src/main/AndroidManifest.xml:62:21-70
56
57            <data android:mimeType="text/plain" />
57-->src/main/AndroidManifest.xml:63:13-50
57-->src/main/AndroidManifest.xml:63:19-48
58        </intent>
59    </queries>
60
61    <permission
61-->[androidx.core:core:1.13.1] AndroidManifest.xml:22:5-24:47
62        android:name="com.example.frame_vision_gemini.DYNAMIC_RECEIVER_NOT_EXPORTED_PERMISSION"
62-->[androidx.core:core:1.13.1] AndroidManifest.xml:23:9-81
63        android:protectionLevel="signature" />
63-->[androidx.core:core:1.13.1] AndroidManifest.xml:24:9-44
64
65    <uses-permission android:name="com.example.frame_vision_gemini.DYNAMIC_RECEIVER_NOT_EXPORTED_PERMISSION" />
65-->[androidx.core:core:1.13.1] AndroidManifest.xml:26:5-97
65-->[androidx.core:core:1.13.1] AndroidManifest.xml:26:22-94
66
67    <application
68        android:name="android.app.Application"
68-->src/main/AndroidManifest.xml:25:9-42
69        android:appComponentFactory="androidx.core.app.CoreComponentFactory"
69-->[androidx.core:core:1.13.1] AndroidManifest.xml:28:18-86
70        android:extractNativeLibs="true"
71        android:icon="@mipmap/ic_launcher"
71-->src/main/AndroidManifest.xml:26:9-43
72        android:label="EFY" >
72-->src/main/AndroidManifest.xml:24:9-28
73        <activity
73-->src/main/AndroidManifest.xml:27:9-48:20
74            android:name="com.example.frame_vision_gemini.MainActivity"
74-->src/main/AndroidManifest.xml:28:13-41
75            android:configChanges="orientation|keyboardHidden|keyboard|screenSize|smallestScreenSize|locale|layoutDirection|fontScale|screenLayout|density|uiMode|navigation"
75-->src/main/AndroidManifest.xml:33:13-174
76            android:exported="true"
76-->src/main/AndroidManifest.xml:29:13-36
77            android:hardwareAccelerated="true"
77-->src/main/AndroidManifest.xml:34:13-47
78            android:launchMode="singleTop"
78-->src/main/AndroidManifest.xml:30:13-43
79            android:taskAffinity=""
79-->src/main/AndroidManifest.xml:31:13-36
80            android:theme="@style/LaunchTheme"
80-->src/main/AndroidManifest.xml:32:13-47
81            android:windowSoftInputMode="adjustResize" >
81-->src/main/AndroidManifest.xml:35:13-55
82
83            <!--
84                 Specifies an Android theme to apply to this Activity as soon as
85                 the Android process has started. This theme is visible to the user
86                 while the Flutter UI initializes. After that, this theme continues
87                 to determine the Window background behind the Flutter UI.
88            -->
89            <meta-data
89-->src/main/AndroidManifest.xml:40:13-43:17
90                android:name="io.flutter.embedding.android.NormalTheme"
90-->src/main/AndroidManifest.xml:41:15-70
91                android:resource="@style/NormalTheme" />
91-->src/main/AndroidManifest.xml:42:15-52
92
93            <intent-filter>
93-->src/main/AndroidManifest.xml:44:13-47:29
94                <action android:name="android.intent.action.MAIN" />
94-->src/main/AndroidManifest.xml:45:17-68
94-->src/main/AndroidManifest.xml:45:25-66
95
96                <category android:name="android.intent.category.LAUNCHER" />
96-->src/main/AndroidManifest.xml:46:17-76
96-->src/main/AndroidManifest.xml:46:27-74
97            </intent-filter>
98        </activity>
99        <!--
100             Don't delete the meta-data below.
101             This is used by the Flutter tool to generate GeneratedPluginRegistrant.java
102        -->
103        <meta-data
103-->src/main/AndroidManifest.xml:51:9-53:33
104            android:name="flutterEmbedding"
104-->src/main/AndroidManifest.xml:52:13-44
105            android:value="2" />
105-->src/main/AndroidManifest.xml:53:13-30
106        <!--
107           Declares a provider which allows us to store files to share in
108           '.../caches/share_plus' and grant the receiving action access
109        -->
110        <provider
110-->[:share_plus] AndroidManifest.xml:13:9-21:20
111            android:name="dev.fluttercommunity.plus.share.ShareFileProvider"
111-->[:share_plus] AndroidManifest.xml:14:13-77
112            android:authorities="com.example.frame_vision_gemini.flutter.share_provider"
112-->[:share_plus] AndroidManifest.xml:15:13-74
113            android:exported="false"
113-->[:share_plus] AndroidManifest.xml:16:13-37
114            android:grantUriPermissions="true" >
114-->[:share_plus] AndroidManifest.xml:17:13-47
115            <meta-data
115-->[:share_plus] AndroidManifest.xml:18:13-20:68
116                android:name="android.support.FILE_PROVIDER_PATHS"
116-->[:share_plus] AndroidManifest.xml:19:17-67
117                android:resource="@xml/flutter_share_file_paths" />
117-->[:share_plus] AndroidManifest.xml:20:17-65
118        </provider>
119        <!--
120           This manifest declared broadcast receiver allows us to use an explicit
121           Intent when creating a PendingItent to be informed of the user's choice
122        -->
123        <receiver
123-->[:share_plus] AndroidManifest.xml:26:9-32:20
124            android:name="dev.fluttercommunity.plus.share.SharePlusPendingIntent"
124-->[:share_plus] AndroidManifest.xml:27:13-82
125            android:exported="false" >
125-->[:share_plus] AndroidManifest.xml:28:13-37
126            <intent-filter>
126-->[:share_plus] AndroidManifest.xml:29:13-31:29
127                <action android:name="EXTRA_CHOSEN_COMPONENT" />
127-->[:share_plus] AndroidManifest.xml:30:17-65
127-->[:share_plus] AndroidManifest.xml:30:25-62
128            </intent-filter>
129        </receiver>
130
131        <uses-library
131-->[androidx.window:window:1.2.0] AndroidManifest.xml:23:9-25:40
132            android:name="androidx.window.extensions"
132-->[androidx.window:window:1.2.0] AndroidManifest.xml:24:13-54
133            android:required="false" />
133-->[androidx.window:window:1.2.0] AndroidManifest.xml:25:13-37
134        <uses-library
134-->[androidx.window:window:1.2.0] AndroidManifest.xml:26:9-28:40
135            android:name="androidx.window.sidecar"
135-->[androidx.window:window:1.2.0] AndroidManifest.xml:27:13-51
136            android:required="false" />
136-->[androidx.window:window:1.2.0] AndroidManifest.xml:28:13-37
137
138        <provider
138-->[androidx.lifecycle:lifecycle-process:2.7.0] AndroidManifest.xml:24:9-32:20
139            android:name="androidx.startup.InitializationProvider"
139-->[androidx.lifecycle:lifecycle-process:2.7.0] AndroidManifest.xml:25:13-67
140            android:authorities="com.example.frame_vision_gemini.androidx-startup"
140-->[androidx.lifecycle:lifecycle-process:2.7.0] AndroidManifest.xml:26:13-68
141            android:exported="false" >
141-->[androidx.lifecycle:lifecycle-process:2.7.0] AndroidManifest.xml:27:13-37
142            <meta-data
142-->[androidx.lifecycle:lifecycle-process:2.7.0] AndroidManifest.xml:29:13-31:52
143                android:name="androidx.lifecycle.ProcessLifecycleInitializer"
143-->[androidx.lifecycle:lifecycle-process:2.7.0] AndroidManifest.xml:30:17-78
144                android:value="androidx.startup" />
144-->[androidx.lifecycle:lifecycle-process:2.7.0] AndroidManifest.xml:31:17-49
145            <meta-data
145-->[androidx.profileinstaller:profileinstaller:1.3.1] AndroidManifest.xml:29:13-31:52
146                android:name="androidx.profileinstaller.ProfileInstallerInitializer"
146-->[androidx.profileinstaller:profileinstaller:1.3.1] AndroidManifest.xml:30:17-85
147                android:value="androidx.startup" />
147-->[androidx.profileinstaller:profileinstaller:1.3.1] AndroidManifest.xml:31:17-49
148        </provider>
149
150        <receiver
150-->[androidx.profileinstaller:profileinstaller:1.3.1] AndroidManifest.xml:34:9-52:20
151            android:name="androidx.profileinstaller.ProfileInstallReceiver"
151-->[androidx.profileinstaller:profileinstaller:1.3.1] AndroidManifest.xml:35:13-76
152            android:directBootAware="false"
152-->[androidx.profileinstaller:profileinstaller:1.3.1] AndroidManifest.xml:36:13-44
153            android:enabled="true"
153-->[androidx.profileinstaller:profileinstaller:1.3.1] AndroidManifest.xml:37:13-35
154            android:exported="true"
154-->[androidx.profileinstaller:profileinstaller:1.3.1] AndroidManifest.xml:38:13-36
155            android:permission="android.permission.DUMP" >
155-->[androidx.profileinstaller:profileinstaller:1.3.1] AndroidManifest.xml:39:13-57
156            <intent-filter>
156-->[androidx.profileinstaller:profileinstaller:1.3.1] AndroidManifest.xml:40:13-42:29
157                <action android:name="androidx.profileinstaller.action.INSTALL_PROFILE" />
157-->[androidx.profileinstaller:profileinstaller:1.3.1] AndroidManifest.xml:41:17-91
157-->[androidx.profileinstaller:profileinstaller:1.3.1] AndroidManifest.xml:41:25-88
158            </intent-filter>
159            <intent-filter>
159-->[androidx.profileinstaller:profileinstaller:1.3.1] AndroidManifest.xml:43:13-45:29
160                <action android:name="androidx.profileinstaller.action.SKIP_FILE" />
160-->[androidx.profileinstaller:profileinstaller:1.3.1] AndroidManifest.xml:44:17-85
160-->[androidx.profileinstaller:profileinstaller:1.3.1] AndroidManifest.xml:44:25-82
161            </intent-filter>
162            <intent-filter>
162-->[androidx.profileinstaller:profileinstaller:1.3.1] AndroidManifest.xml:46:13-48:29
163                <action android:name="androidx.profileinstaller.action.SAVE_PROFILE" />
163-->[androidx.profileinstaller:profileinstaller:1.3.1] AndroidManifest.xml:47:17-88
163-->[androidx.profileinstaller:profileinstaller:1.3.1] AndroidManifest.xml:47:25-85
164            </intent-filter>
165            <intent-filter>
165-->[androidx.profileinstaller:profileinstaller:1.3.1] AndroidManifest.xml:49:13-51:29
166                <action android:name="androidx.profileinstaller.action.BENCHMARK_OPERATION" />
166-->[androidx.profileinstaller:profileinstaller:1.3.1] AndroidManifest.xml:50:17-95
166-->[androidx.profileinstaller:profileinstaller:1.3.1] AndroidManifest.xml:50:25-92
167            </intent-filter>
168        </receiver>
169    </application>
170
171</manifest>